<?xml version="1.0" encoding="UTF-8"?>
<!-- Generated by org.testng.reporters.JUnitXMLReporter -->
<testsuite ignored="0" hostname="DESKTOP-0APH7OI" failures="0" tests="4" name="HybridTestNGFramework" time="26.689" errors="0" timestamp="2024-01-07T13:08:20 IST">
  <testcase classname="com.soumya.qa.testcases.Login" name="verifyLoginWithInvalidCredentials" time="2.265"/>
  <testcase classname="com.soumya.qa.testcases.Login" name="verifyLoginWithInvalidEmailAndPassword" time="2.365"/>
  <testcase classname="com.soumya.qa.testcases.Login" name="verifyLoginWithValidCredentials" time="3.081"/>
  <testcase classname="com.soumya.qa.testcases.Login" name="verifyLoginWithValidEmailIdAndInvalidPassword" time="2.138"/>
</testsuite> <!-- HybridTestNGFramework -->
