<?xml version="1.0" encoding="UTF-8"?>
<testng-results ignored="0" total="4" passed="4" failed="0" skipped="0">
  <reporter-output>
  </reporter-output>
  <suite started-at="2024-01-07T13:07:54 IST" name="Default Suite" finished-at="2024-01-07T13:08:20 IST" duration-ms="26689">
    <groups>
    </groups>
    <test started-at="2024-01-07T13:07:54 IST" name="HybridTestNGFramework" finished-at="2024-01-07T13:08:20 IST" duration-ms="26689">
      <class name="com.soumya.qa.testcases.Login">
        <test-method is-config="true" signature="setUp()[pri:0, instance:com.soumya.qa.testcases.Login@1df82230]" started-at="2024-01-07T13:07:54 IST" name="setUp" finished-at="2024-01-07T13:07:59 IST" duration-ms="5207" status="PASS">
          <reporter-output>
          </reporter-output>
        </test-method> <!-- setUp -->
        <test-method signature="verifyLoginWithInvalidCredentials()[pri:0, instance:com.soumya.qa.testcases.Login@1df82230]" started-at="2024-01-07T13:07:59 IST" name="verifyLoginWithInvalidCredentials" finished-at="2024-01-07T13:08:01 IST" duration-ms="2265" status="PASS">
          <reporter-output>
          </reporter-output>
        </test-method> <!-- verifyLoginWithInvalidCredentials -->
        <test-method is-config="true" signature="tearDown()[pri:0, instance:com.soumya.qa.testcases.Login@1df82230]" started-at="2024-01-07T13:08:01 IST" name="tearDown" finished-at="2024-01-07T13:08:02 IST" duration-ms="955" status="PASS">
          <reporter-output>
          </reporter-output>
        </test-method> <!-- tearDown -->
        <test-method is-config="true" signature="setUp()[pri:0, instance:com.soumya.qa.testcases.Login@1df82230]" started-at="2024-01-07T13:08:02 IST" name="setUp" finished-at="2024-01-07T13:08:06 IST" duration-ms="3285" status="PASS">
          <reporter-output>
          </reporter-output>
        </test-method> <!-- setUp -->
        <test-method signature="verifyLoginWithInvalidEmailAndPassword()[pri:0, instance:com.soumya.qa.testcases.Login@1df82230]" started-at="2024-01-07T13:08:06 IST" name="verifyLoginWithInvalidEmailAndPassword" finished-at="2024-01-07T13:08:08 IST" duration-ms="2365" status="PASS">
          <reporter-output>
          </reporter-output>
        </test-method> <!-- verifyLoginWithInvalidEmailAndPassword -->
        <test-method is-config="true" signature="tearDown()[pri:0, instance:com.soumya.qa.testcases.Login@1df82230]" started-at="2024-01-07T13:08:08 IST" name="tearDown" finished-at="2024-01-07T13:08:09 IST" duration-ms="583" status="PASS">
          <reporter-output>
          </reporter-output>
        </test-method> <!-- tearDown -->
        <test-method is-config="true" signature="setUp()[pri:0, instance:com.soumya.qa.testcases.Login@1df82230]" started-at="2024-01-07T13:08:09 IST" name="setUp" finished-at="2024-01-07T13:08:11 IST" duration-ms="2390" status="PASS">
          <reporter-output>
          </reporter-output>
        </test-method> <!-- setUp -->
        <test-method signature="verifyLoginWithValidCredentials()[pri:0, instance:com.soumya.qa.testcases.Login@1df82230]" started-at="2024-01-07T13:08:11 IST" name="verifyLoginWithValidCredentials" finished-at="2024-01-07T13:08:14 IST" duration-ms="3081" status="PASS">
          <reporter-output>
          </reporter-output>
        </test-method> <!-- verifyLoginWithValidCredentials -->
        <test-method is-config="true" signature="tearDown()[pri:0, instance:com.soumya.qa.testcases.Login@1df82230]" started-at="2024-01-07T13:08:14 IST" name="tearDown" finished-at="2024-01-07T13:08:14 IST" duration-ms="487" status="PASS">
          <reporter-output>
          </reporter-output>
        </test-method> <!-- tearDown -->
        <test-method is-config="true" signature="setUp()[pri:0, instance:com.soumya.qa.testcases.Login@1df82230]" started-at="2024-01-07T13:08:14 IST" name="setUp" finished-at="2024-01-07T13:08:18 IST" duration-ms="3266" status="PASS">
          <reporter-output>
          </reporter-output>
        </test-method> <!-- setUp -->
        <test-method signature="verifyLoginWithValidEmailIdAndInvalidPassword()[pri:0, instance:com.soumya.qa.testcases.Login@1df82230]" started-at="2024-01-07T13:08:18 IST" name="verifyLoginWithValidEmailIdAndInvalidPassword" finished-at="2024-01-07T13:08:20 IST" duration-ms="2138" status="PASS">
          <reporter-output>
          </reporter-output>
        </test-method> <!-- verifyLoginWithValidEmailIdAndInvalidPassword -->
        <test-method is-config="true" signature="tearDown()[pri:0, instance:com.soumya.qa.testcases.Login@1df82230]" started-at="2024-01-07T13:08:20 IST" name="tearDown" finished-at="2024-01-07T13:08:20 IST" duration-ms="564" status="PASS">
          <reporter-output>
          </reporter-output>
        </test-method> <!-- tearDown -->
      </class> <!-- com.soumya.qa.testcases.Login -->
    </test> <!-- HybridTestNGFramework -->
  </suite> <!-- Default Suite -->
</testng-results>
